c:\users\guilherme\documents\c++ pdf\c++\libunicornio-master\projetos\marioarena- 2.3\debug\vc141.pdb
c:\users\guilherme\documents\c++ pdf\c++\libunicornio-master\projetos\marioarena- 2.3\debug\vc141.idb
c:\users\guilherme\documents\c++ pdf\c++\libunicornio-master\projetos\marioarena- 2.3\debug\luigi.obj
c:\users\guilherme\documents\c++ pdf\c++\libunicornio-master\projetos\marioarena- 2.3\debug\main.obj
c:\users\guilherme\documents\c++ pdf\c++\libunicornio-master\projetos\marioarena- 2.3\debug\mapa.obj
c:\users\guilherme\documents\c++ pdf\c++\libunicornio-master\projetos\marioarena- 2.3\debug\peach.obj
c:\users\guilherme\documents\c++ pdf\c++\libunicornio-master\projetos\marioarena- 2.3\debug\personagem.obj
c:\users\guilherme\documents\c++ pdf\c++\libunicornio-master\projetos\marioarena- 2.3\debug\telacontroles.obj
c:\users\guilherme\documents\c++ pdf\c++\libunicornio-master\projetos\marioarena- 2.3\debug\telacreditos.obj
c:\users\guilherme\documents\c++ pdf\c++\libunicornio-master\projetos\marioarena- 2.3\debug\telagameover.obj
c:\users\guilherme\documents\c++ pdf\c++\libunicornio-master\projetos\marioarena- 2.3\debug\telajogo0.obj
c:\users\guilherme\documents\c++ pdf\c++\libunicornio-master\projetos\marioarena- 2.3\debug\telajogo1.obj
c:\users\guilherme\documents\c++ pdf\c++\libunicornio-master\projetos\marioarena- 2.3\debug\telajogo2.obj
c:\users\guilherme\documents\c++ pdf\c++\libunicornio-master\projetos\marioarena- 2.3\debug\telajogo3.obj
c:\users\guilherme\documents\c++ pdf\c++\libunicornio-master\projetos\marioarena- 2.3\debug\telajogo4.obj
c:\users\guilherme\documents\c++ pdf\c++\libunicornio-master\projetos\marioarena- 2.3\debug\telamenu.obj
c:\users\guilherme\documents\c++ pdf\c++\libunicornio-master\projetos\marioarena- 2.3\debug\telanivel.obj
c:\users\guilherme\documents\c++ pdf\c++\libunicornio-master\projetos\marioarena- 2.3\debug\telapersonagens.obj
c:\users\guilherme\documents\c++ pdf\c++\libunicornio-master\projetos\marioarena- 2.3\debug\telas.obj
c:\users\guilherme\documents\c++ pdf\c++\libunicornio-master\projetos\marioarena- 2.3\debug\telasave.obj
c:\users\guilherme\documents\c++ pdf\c++\libunicornio-master\projetos\marioarena- 2.3\debug\telavitoria.obj
c:\users\guilherme\documents\c++ pdf\c++\libunicornio-master\projetos\marioarena- 2.3\debug\yoshi.obj
c:\users\guilherme\documents\c++ pdf\c++\libunicornio-master\projetos\marioarena- 2.3\debug\bowser.obj
c:\users\guilherme\documents\c++ pdf\c++\libunicornio-master\projetos\marioarena- 2.3\debug\chefes.obj
c:\users\guilherme\documents\c++ pdf\c++\libunicornio-master\projetos\marioarena- 2.3\debug\item.obj
c:\users\guilherme\documents\c++ pdf\c++\libunicornio-master\projetos\marioarena- 2.3\debug\mario.obj
c:\users\guilherme\documents\c++ pdf\c++\libunicornio-master\projetos\marioarena- 2.3\debug\jogo.obj
c:\users\guilherme\documents\c++ pdf\c++\libunicornio-master\projetos\marioarena- 2.3\debug\jogomusica.obj
c:\users\guilherme\documents\c++ pdf\c++\libunicornio-master\projetos\marioarena- 2.3\debug\menumusica.obj
c:\users\guilherme\documents\c++ pdf\c++\libunicornio-master\projetos\marioarena- 2.3\debug\musicas.obj
e:\marioarena- valendo 5\debug\vc141.pdb
e:\marioarena- valendo 5\debug\vc141.idb
c:\users\guilherme\documents\c++ pdf\c++\libunicornio-master\projetos\marioarena- 2.3\bin\base-debug.exe
c:\users\guilherme\documents\c++ pdf\c++\libunicornio-master\projetos\marioarena- 2.3\bin\base-debug.ilk
c:\users\guilherme\documents\c++ pdf\c++\libunicornio-master\projetos\marioarena- 2.3\bin\base-debug.pdb
e:\marioarena- valendo 5\bin\base-debug.pdb
e:\marioarena- valendo 5\bin\base-debug.exe
e:\marioarena- valendo 5\bin\base-debug.ilk
e:\marioarena- valendo 5\debug\base.tlog\cl.command.1.tlog
e:\marioarena- valendo 5\debug\base.tlog\cl.read.1.tlog
e:\marioarena- valendo 5\debug\base.tlog\cl.write.1.tlog
e:\marioarena- valendo 5\debug\base.tlog\link.command.1.tlog
e:\marioarena- valendo 5\debug\base.tlog\link.read.1.tlog
e:\marioarena- valendo 5\debug\base.tlog\link.write.1.tlog
